2019-09-26 14:08:08,795 [Worker-5: Loading available Gradle versions] INFO  o.e.b.c.i.u.g.PublishedGradleVersions - Gradle version information cache is up-to-date. Trying to read.
2019-09-26 14:08:44,351 [Worker-5: Import Getting Started Content] INFO  o.e.m.c.i.l.LifecycleMappingFactory - Using org.eclipse.m2e.jdt.JarLifecycleMapping lifecycle mapping for MavenProject: com.example:EurekaServer:0.0.1-SNAPSHOT @ /home/administrator/Documents/workspace-spring-tool-suite-4-4.3.1.RELEASE/Task1/EurekaServer/pom.xml.
2019-09-26 14:08:49,436 [Worker-5: Import Getting Started Content] INFO  o.e.m.j.i.AbstractJavaProjectConfigurator - Adding source folder /EurekaServer/src/main/java
2019-09-26 14:08:49,436 [Worker-5: Import Getting Started Content] INFO  o.e.m.j.i.AbstractJavaProjectConfigurator - Adding resource folder /EurekaServer/src/main/resources
2019-09-26 14:08:49,439 [Worker-5: Import Getting Started Content] INFO  o.e.m.j.i.AbstractJavaProjectConfigurator - Adding resource folder /EurekaServer/src/main/resources
2019-09-26 14:08:49,444 [Worker-5: Import Getting Started Content] INFO  o.e.m.j.i.AbstractJavaProjectConfigurator - Adding source folder /EurekaServer/src/test/java
2019-09-26 14:08:51,408 [Worker-5: Import Getting Started Content] INFO  o.e.m.c.i.p.ProjectConfigurationManager - Imported and configured 1 project(s) in 10 sec
2019-09-26 14:08:51,410 [Worker-5: Import Getting Started Content] INFO  o.e.m.c.i.p.ProjectConfigurationManager - Update started
2019-09-26 14:08:51,747 [Worker-5: Import Getting Started Content] INFO  o.e.m.c.i.l.LifecycleMappingFactory - Using org.eclipse.m2e.jdt.JarLifecycleMapping lifecycle mapping for MavenProject: com.example:EurekaServer:0.0.1-SNAPSHOT @ /home/administrator/Documents/workspace-spring-tool-suite-4-4.3.1.RELEASE/Task1/EurekaServer/pom.xml.
2019-09-26 14:08:52,478 [Worker-5: Import Getting Started Content] INFO  o.e.m.j.i.AbstractJavaProjectConfigurator - Adding source folder /EurekaServer/src/main/java
2019-09-26 14:08:52,479 [Worker-5: Import Getting Started Content] INFO  o.e.m.j.i.AbstractJavaProjectConfigurator - Adding resource folder /EurekaServer/src/main/resources
2019-09-26 14:08:52,479 [Worker-5: Import Getting Started Content] INFO  o.e.m.j.i.AbstractJavaProjectConfigurator - Adding resource folder /EurekaServer/src/main/resources
2019-09-26 14:08:52,479 [Worker-5: Import Getting Started Content] INFO  o.e.m.j.i.AbstractJavaProjectConfigurator - Adding source folder /EurekaServer/src/test/java
2019-09-26 14:08:53,078 [Worker-5: Import Getting Started Content] INFO  o.e.m.c.i.p.ProjectConfigurationManager - Update completed: 1 sec
2019-09-26 14:08:54,372 [Worker-1: Building workspace] INFO  o.e.m.c.i.embedder.EclipseLogger - Using 'UTF-8' encoding to copy filtered resources.
2019-09-26 14:08:54,392 [Worker-1: Building workspace] INFO  o.e.m.c.i.embedder.EclipseLogger - Copying 1 resource
2019-09-26 14:08:54,402 [Worker-1: Building workspace] INFO  o.e.m.c.i.embedder.EclipseLogger - Copying 0 resource
2019-09-26 14:08:54,405 [Worker-1: Building workspace] INFO  o.e.m.c.i.embedder.EclipseLogger - Using 'UTF-8' encoding to copy filtered resources.
2019-09-26 14:08:54,405 [Worker-1: Building workspace] INFO  o.e.m.c.i.embedder.EclipseLogger - skip non existing resourceDirectory /home/administrator/Documents/workspace-spring-tool-suite-4-4.3.1.RELEASE/Task1/EurekaServer/src/test/resources
2019-09-26 14:09:10,799 [Worker-3: Building workspace] INFO  o.e.m.c.i.embedder.EclipseLogger - Using 'UTF-8' encoding to copy filtered resources.
2019-09-26 14:09:10,800 [Worker-3: Building workspace] INFO  o.e.m.c.i.embedder.EclipseLogger - Copying 0 resource
2019-09-26 14:09:10,800 [Worker-3: Building workspace] INFO  o.e.m.c.i.embedder.EclipseLogger - Copying 0 resource
2019-09-26 14:09:10,802 [Worker-3: Building workspace] INFO  o.e.m.c.i.embedder.EclipseLogger - Using 'UTF-8' encoding to copy filtered resources.
2019-09-26 14:09:10,802 [Worker-3: Building workspace] INFO  o.e.m.c.i.embedder.EclipseLogger - skip non existing resourceDirectory /home/administrator/Documents/workspace-spring-tool-suite-4-4.3.1.RELEASE/Task1/EurekaServer/src/test/resources
2019-09-26 14:09:26,359 [Worker-5: Building workspace] INFO  o.e.m.c.i.embedder.EclipseLogger - Using 'UTF-8' encoding to copy filtered resources.
2019-09-26 14:09:26,368 [Worker-5: Building workspace] INFO  o.e.m.c.i.embedder.EclipseLogger - Copying 1 resource
2019-09-26 14:09:26,369 [Worker-5: Building workspace] INFO  o.e.m.c.i.embedder.EclipseLogger - Copying 0 resource
2019-09-26 14:09:26,370 [Worker-5: Building workspace] INFO  o.e.m.c.i.embedder.EclipseLogger - Using 'UTF-8' encoding to copy filtered resources.
2019-09-26 14:09:26,370 [Worker-5: Building workspace] INFO  o.e.m.c.i.embedder.EclipseLogger - skip non existing resourceDirectory /home/administrator/Documents/workspace-spring-tool-suite-4-4.3.1.RELEASE/Task1/EurekaServer/src/test/resources
2019-09-26 14:11:21,692 [Worker-6: Building workspace] INFO  o.e.m.c.i.l.LifecycleMappingFactory - Using org.eclipse.m2e.jdt.JarLifecycleMapping lifecycle mapping for MavenProject: com.example:EurekaServer:0.0.1-SNAPSHOT @ /home/administrator/Documents/workspace-spring-tool-suite-4-4.3.1.RELEASE/Task1/EurekaServer/pom.xml.
2019-09-26 14:11:21,704 [Worker-6: Building workspace] WARN  o.e.m.c.i.embedder.EclipseLogger - The POM for com.sun.xml.bind:jaxb-core:jar:2.2.11 is invalid, transitive dependencies (if any) will not be available, enable debug logging for more details
2019-09-26 14:11:21,709 [Worker-6: Building workspace] WARN  o.e.m.c.i.embedder.EclipseLogger - The POM for com.sun.xml.bind:jaxb-impl:jar:2.2.11 is invalid, transitive dependencies (if any) will not be available, enable debug logging for more details
2019-09-26 14:11:22,291 [Worker-6: Building workspace] INFO  o.e.m.c.i.embedder.EclipseLogger - Using 'UTF-8' encoding to copy filtered resources.
2019-09-26 14:11:22,293 [Worker-6: Building workspace] INFO  o.e.m.c.i.embedder.EclipseLogger - Copying 0 resource
2019-09-26 14:11:22,294 [Worker-6: Building workspace] INFO  o.e.m.c.i.embedder.EclipseLogger - Copying 0 resource
2019-09-26 14:11:22,296 [Worker-6: Building workspace] INFO  o.e.m.c.i.embedder.EclipseLogger - Using 'UTF-8' encoding to copy filtered resources.
2019-09-26 14:11:22,296 [Worker-6: Building workspace] INFO  o.e.m.c.i.embedder.EclipseLogger - skip non existing resourceDirectory /home/administrator/Documents/workspace-spring-tool-suite-4-4.3.1.RELEASE/Task1/EurekaServer/src/test/resources
2019-09-26 14:11:23,999 [Worker-9: Building workspace] WARN  o.e.m.c.i.embedder.EclipseLogger - The POM for com.sun.xml.bind:jaxb-core:jar:2.2.11 is invalid, transitive dependencies (if any) will not be available, enable debug logging for more details
2019-09-26 14:11:24,003 [Worker-9: Building workspace] WARN  o.e.m.c.i.embedder.EclipseLogger - The POM for com.sun.xml.bind:jaxb-impl:jar:2.2.11 is invalid, transitive dependencies (if any) will not be available, enable debug logging for more details
2019-09-26 14:11:24,396 [Worker-9: Building workspace] INFO  o.e.m.c.i.embedder.EclipseLogger - Using 'UTF-8' encoding to copy filtered resources.
2019-09-26 14:11:24,396 [Worker-9: Building workspace] INFO  o.e.m.c.i.embedder.EclipseLogger - Copying 1 resource
2019-09-26 14:11:24,407 [Worker-9: Building workspace] INFO  o.e.m.c.i.embedder.EclipseLogger - Copying 0 resource
2019-09-26 14:11:24,417 [Worker-9: Building workspace] INFO  o.e.m.c.i.embedder.EclipseLogger - Using 'UTF-8' encoding to copy filtered resources.
2019-09-26 14:11:24,417 [Worker-9: Building workspace] INFO  o.e.m.c.i.embedder.EclipseLogger - skip non existing resourceDirectory /home/administrator/Documents/workspace-spring-tool-suite-4-4.3.1.RELEASE/Task1/EurekaServer/src/test/resources
2019-09-26 14:11:58,047 [Worker-8: Building workspace] INFO  o.e.m.c.i.embedder.EclipseLogger - Using 'UTF-8' encoding to copy filtered resources.
2019-09-26 14:11:58,060 [Worker-8: Building workspace] INFO  o.e.m.c.i.embedder.EclipseLogger - Copying 1 resource
2019-09-26 14:11:58,061 [Worker-8: Building workspace] INFO  o.e.m.c.i.embedder.EclipseLogger - Copying 0 resource
2019-09-26 14:11:58,062 [Worker-8: Building workspace] INFO  o.e.m.c.i.embedder.EclipseLogger - Using 'UTF-8' encoding to copy filtered resources.
2019-09-26 14:11:58,063 [Worker-8: Building workspace] INFO  o.e.m.c.i.embedder.EclipseLogger - skip non existing resourceDirectory /home/administrator/Documents/workspace-spring-tool-suite-4-4.3.1.RELEASE/Task1/EurekaServer/src/test/resources
2019-09-26 14:13:32,274 [Worker-8: Building workspace] INFO  o.e.m.c.i.embedder.EclipseLogger - Using 'UTF-8' encoding to copy filtered resources.
2019-09-26 14:13:32,274 [Worker-8: Building workspace] INFO  o.e.m.c.i.embedder.EclipseLogger - Copying 1 resource
2019-09-26 14:13:32,275 [Worker-8: Building workspace] INFO  o.e.m.c.i.embedder.EclipseLogger - Copying 0 resource
2019-09-26 14:13:32,277 [Worker-8: Building workspace] INFO  o.e.m.c.i.embedder.EclipseLogger - Using 'UTF-8' encoding to copy filtered resources.
2019-09-26 14:13:32,277 [Worker-8: Building workspace] INFO  o.e.m.c.i.embedder.EclipseLogger - skip non existing resourceDirectory /home/administrator/Documents/workspace-spring-tool-suite-4-4.3.1.RELEASE/Task1/EurekaServer/src/test/resources
2019-09-26 14:14:40,406 [Worker-0: Building workspace] INFO  o.e.m.c.i.embedder.EclipseLogger - Using 'UTF-8' encoding to copy filtered resources.
2019-09-26 14:14:40,406 [Worker-0: Building workspace] INFO  o.e.m.c.i.embedder.EclipseLogger - Copying 1 resource
2019-09-26 14:14:40,407 [Worker-0: Building workspace] INFO  o.e.m.c.i.embedder.EclipseLogger - Copying 0 resource
2019-09-26 14:14:40,408 [Worker-0: Building workspace] INFO  o.e.m.c.i.embedder.EclipseLogger - Using 'UTF-8' encoding to copy filtered resources.
2019-09-26 14:14:40,408 [Worker-0: Building workspace] INFO  o.e.m.c.i.embedder.EclipseLogger - skip non existing resourceDirectory /home/administrator/Documents/workspace-spring-tool-suite-4-4.3.1.RELEASE/Task1/EurekaServer/src/test/resources
2019-09-26 14:15:41,916 [Worker-9: Building workspace] INFO  o.e.m.c.i.embedder.EclipseLogger - Using 'UTF-8' encoding to copy filtered resources.
2019-09-26 14:15:41,917 [Worker-9: Building workspace] INFO  o.e.m.c.i.embedder.EclipseLogger - Copying 1 resource
2019-09-26 14:15:41,918 [Worker-9: Building workspace] INFO  o.e.m.c.i.embedder.EclipseLogger - Copying 0 resource
2019-09-26 14:15:41,919 [Worker-9: Building workspace] INFO  o.e.m.c.i.embedder.EclipseLogger - Using 'UTF-8' encoding to copy filtered resources.
2019-09-26 14:15:41,920 [Worker-9: Building workspace] INFO  o.e.m.c.i.embedder.EclipseLogger - skip non existing resourceDirectory /home/administrator/Documents/workspace-spring-tool-suite-4-4.3.1.RELEASE/Task1/EurekaServer/src/test/resources
2019-09-26 14:18:40,536 [Worker-1: Match Job] ERROR o.e.m.i.l.MavenConsoleLineTracker - Launch configuration EurekaServer - EurekaServerApplication at file:/home/administrator/Documents/workspace-spring-tool-suite-4-4.3.1.RELEASE/Task1/.metadata/.plugins/org.eclipse.debug.core/.launches/EurekaServer%20-%20EurekaServerApplication.launch does not exist.
org.eclipse.debug.core.DebugException: Launch configuration EurekaServer - EurekaServerApplication at file:/home/administrator/Documents/workspace-spring-tool-suite-4-4.3.1.RELEASE/Task1/.metadata/.plugins/org.eclipse.debug.core/.launches/EurekaServer%20-%20EurekaServerApplication.launch does not exist.
	at org.eclipse.debug.internal.core.LaunchManager.createDebugException(LaunchManager.java:886) ~[na:na]
	at org.eclipse.debug.internal.core.LaunchManager.getInfo(LaunchManager.java:1383) ~[na:na]
	at org.eclipse.debug.internal.core.LaunchConfiguration.getInfo(LaunchConfiguration.java:490) ~[na:na]
	at org.eclipse.debug.internal.core.LaunchConfiguration.getType(LaunchConfiguration.java:645) ~[na:na]
	at org.eclipse.m2e.internal.launch.MavenConsoleLineTracker.isMavenProcess(MavenConsoleLineTracker.java:142) ~[na:na]
	at org.eclipse.m2e.internal.launch.MavenConsoleLineTracker.lineAppended(MavenConsoleLineTracker.java:85) ~[na:na]
	at org.eclipse.debug.internal.ui.views.console.ConsoleLineNotifier.lineAppended(ConsoleLineNotifier.java:124) ~[na:na]
	at org.eclipse.debug.internal.ui.views.console.ConsoleLineNotifier.matchFound(ConsoleLineNotifier.java:116) ~[na:na]
	at org.eclipse.ui.internal.console.ConsolePatternMatcher$MatchJob.run(ConsolePatternMatcher.java:137) ~[org.eclipse.ui.console_3.8.500.v20190514-0743.jar:na]
	at org.eclipse.core.internal.jobs.Worker.run(Worker.java:63) ~[org.eclipse.core.jobs_3.10.400.v20190506-1457.jar:na]
2019-09-26 14:18:40,540 [Worker-1: Match Job] ERROR o.e.m.i.l.MavenConsoleLineTracker - Launch configuration EurekaServer - EurekaServerApplication at file:/home/administrator/Documents/workspace-spring-tool-suite-4-4.3.1.RELEASE/Task1/.metadata/.plugins/org.eclipse.debug.core/.launches/EurekaServer%20-%20EurekaServerApplication.launch does not exist.
org.eclipse.debug.core.DebugException: Launch configuration EurekaServer - EurekaServerApplication at file:/home/administrator/Documents/workspace-spring-tool-suite-4-4.3.1.RELEASE/Task1/.metadata/.plugins/org.eclipse.debug.core/.launches/EurekaServer%20-%20EurekaServerApplication.launch does not exist.
	at org.eclipse.debug.internal.core.LaunchManager.createDebugException(LaunchManager.java:886) ~[na:na]
	at org.eclipse.debug.internal.core.LaunchManager.getInfo(LaunchManager.java:1383) ~[na:na]
	at org.eclipse.debug.internal.core.LaunchConfiguration.getInfo(LaunchConfiguration.java:490) ~[na:na]
	at org.eclipse.debug.internal.core.LaunchConfiguration.getType(LaunchConfiguration.java:645) ~[na:na]
	at org.eclipse.m2e.internal.launch.MavenConsoleLineTracker.isMavenProcess(MavenConsoleLineTracker.java:142) ~[na:na]
	at org.eclipse.m2e.internal.launch.MavenConsoleLineTracker.lineAppended(MavenConsoleLineTracker.java:85) ~[na:na]
	at org.eclipse.debug.internal.ui.views.console.ConsoleLineNotifier.lineAppended(ConsoleLineNotifier.java:124) ~[na:na]
	at org.eclipse.debug.internal.ui.views.console.ConsoleLineNotifier.matchFound(ConsoleLineNotifier.java:116) ~[na:na]
	at org.eclipse.ui.internal.console.ConsolePatternMatcher$MatchJob.run(ConsolePatternMatcher.java:137) ~[org.eclipse.ui.console_3.8.500.v20190514-0743.jar:na]
	at org.eclipse.core.internal.jobs.Worker.run(Worker.java:63) ~[org.eclipse.core.jobs_3.10.400.v20190506-1457.jar:na]
2019-09-26 14:18:40,541 [Worker-1: Match Job] ERROR o.e.m.i.l.MavenConsoleLineTracker - Launch configuration EurekaServer - EurekaServerApplication at file:/home/administrator/Documents/workspace-spring-tool-suite-4-4.3.1.RELEASE/Task1/.metadata/.plugins/org.eclipse.debug.core/.launches/EurekaServer%20-%20EurekaServerApplication.launch does not exist.
org.eclipse.debug.core.DebugException: Launch configuration EurekaServer - EurekaServerApplication at file:/home/administrator/Documents/workspace-spring-tool-suite-4-4.3.1.RELEASE/Task1/.metadata/.plugins/org.eclipse.debug.core/.launches/EurekaServer%20-%20EurekaServerApplication.launch does not exist.
	at org.eclipse.debug.internal.core.LaunchManager.createDebugException(LaunchManager.java:886) ~[na:na]
	at org.eclipse.debug.internal.core.LaunchManager.getInfo(LaunchManager.java:1383) ~[na:na]
	at org.eclipse.debug.internal.core.LaunchConfiguration.getInfo(LaunchConfiguration.java:490) ~[na:na]
	at org.eclipse.debug.internal.core.LaunchConfiguration.getType(LaunchConfiguration.java:645) ~[na:na]
	at org.eclipse.m2e.internal.launch.MavenConsoleLineTracker.isMavenProcess(MavenConsoleLineTracker.java:142) ~[na:na]
	at org.eclipse.m2e.internal.launch.MavenConsoleLineTracker.lineAppended(MavenConsoleLineTracker.java:85) ~[na:na]
	at org.eclipse.debug.internal.ui.views.console.ConsoleLineNotifier.lineAppended(ConsoleLineNotifier.java:124) ~[na:na]
	at org.eclipse.debug.internal.ui.views.console.ConsoleLineNotifier.matchFound(ConsoleLineNotifier.java:116) ~[na:na]
	at org.eclipse.ui.internal.console.ConsolePatternMatcher$MatchJob.run(ConsolePatternMatcher.java:137) ~[org.eclipse.ui.console_3.8.500.v20190514-0743.jar:na]
	at org.eclipse.core.internal.jobs.Worker.run(Worker.java:63) ~[org.eclipse.core.jobs_3.10.400.v20190506-1457.jar:na]
2019-09-26 14:18:40,542 [Worker-1: Match Job] ERROR o.e.m.i.l.MavenConsoleLineTracker - Launch configuration EurekaServer - EurekaServerApplication at file:/home/administrator/Documents/workspace-spring-tool-suite-4-4.3.1.RELEASE/Task1/.metadata/.plugins/org.eclipse.debug.core/.launches/EurekaServer%20-%20EurekaServerApplication.launch does not exist.
org.eclipse.debug.core.DebugException: Launch configuration EurekaServer - EurekaServerApplication at file:/home/administrator/Documents/workspace-spring-tool-suite-4-4.3.1.RELEASE/Task1/.metadata/.plugins/org.eclipse.debug.core/.launches/EurekaServer%20-%20EurekaServerApplication.launch does not exist.
	at org.eclipse.debug.internal.core.LaunchManager.createDebugException(LaunchManager.java:886) ~[na:na]
	at org.eclipse.debug.internal.core.LaunchManager.getInfo(LaunchManager.java:1383) ~[na:na]
	at org.eclipse.debug.internal.core.LaunchConfiguration.getInfo(LaunchConfiguration.java:490) ~[na:na]
	at org.eclipse.debug.internal.core.LaunchConfiguration.getType(LaunchConfiguration.java:645) ~[na:na]
	at org.eclipse.m2e.internal.launch.MavenConsoleLineTracker.isMavenProcess(MavenConsoleLineTracker.java:142) ~[na:na]
	at org.eclipse.m2e.internal.launch.MavenConsoleLineTracker.lineAppended(MavenConsoleLineTracker.java:85) ~[na:na]
	at org.eclipse.debug.internal.ui.views.console.ConsoleLineNotifier.lineAppended(ConsoleLineNotifier.java:124) ~[na:na]
	at org.eclipse.debug.internal.ui.views.console.ConsoleLineNotifier.matchFound(ConsoleLineNotifier.java:116) ~[na:na]
	at org.eclipse.ui.internal.console.ConsolePatternMatcher$MatchJob.run(ConsolePatternMatcher.java:137) ~[org.eclipse.ui.console_3.8.500.v20190514-0743.jar:na]
	at org.eclipse.core.internal.jobs.Worker.run(Worker.java:63) ~[org.eclipse.core.jobs_3.10.400.v20190506-1457.jar:na]
2019-09-26 14:18:40,543 [Worker-1: Match Job] ERROR o.e.m.i.l.MavenConsoleLineTracker - Launch configuration EurekaServer - EurekaServerApplication at file:/home/administrator/Documents/workspace-spring-tool-suite-4-4.3.1.RELEASE/Task1/.metadata/.plugins/org.eclipse.debug.core/.launches/EurekaServer%20-%20EurekaServerApplication.launch does not exist.
org.eclipse.debug.core.DebugException: Launch configuration EurekaServer - EurekaServerApplication at file:/home/administrator/Documents/workspace-spring-tool-suite-4-4.3.1.RELEASE/Task1/.metadata/.plugins/org.eclipse.debug.core/.launches/EurekaServer%20-%20EurekaServerApplication.launch does not exist.
	at org.eclipse.debug.internal.core.LaunchManager.createDebugException(LaunchManager.java:886) ~[na:na]
	at org.eclipse.debug.internal.core.LaunchManager.getInfo(LaunchManager.java:1383) ~[na:na]
	at org.eclipse.debug.internal.core.LaunchConfiguration.getInfo(LaunchConfiguration.java:490) ~[na:na]
	at org.eclipse.debug.internal.core.LaunchConfiguration.getType(LaunchConfiguration.java:645) ~[na:na]
	at org.eclipse.m2e.internal.launch.MavenConsoleLineTracker.isMavenProcess(MavenConsoleLineTracker.java:142) ~[na:na]
	at org.eclipse.m2e.internal.launch.MavenConsoleLineTracker.lineAppended(MavenConsoleLineTracker.java:85) ~[na:na]
	at org.eclipse.debug.internal.ui.views.console.ConsoleLineNotifier.lineAppended(ConsoleLineNotifier.java:124) ~[na:na]
	at org.eclipse.debug.internal.ui.views.console.ConsoleLineNotifier.matchFound(ConsoleLineNotifier.java:116) ~[na:na]
	at org.eclipse.ui.internal.console.ConsolePatternMatcher$MatchJob.run(ConsolePatternMatcher.java:137) ~[org.eclipse.ui.console_3.8.500.v20190514-0743.jar:na]
	at org.eclipse.core.internal.jobs.Worker.run(Worker.java:63) ~[org.eclipse.core.jobs_3.10.400.v20190506-1457.jar:na]
2019-09-26 14:18:40,544 [Worker-1: Match Job] ERROR o.e.m.i.l.MavenConsoleLineTracker - Launch configuration EurekaServer - EurekaServerApplication at file:/home/administrator/Documents/workspace-spring-tool-suite-4-4.3.1.RELEASE/Task1/.metadata/.plugins/org.eclipse.debug.core/.launches/EurekaServer%20-%20EurekaServerApplication.launch does not exist.
org.eclipse.debug.core.DebugException: Launch configuration EurekaServer - EurekaServerApplication at file:/home/administrator/Documents/workspace-spring-tool-suite-4-4.3.1.RELEASE/Task1/.metadata/.plugins/org.eclipse.debug.core/.launches/EurekaServer%20-%20EurekaServerApplication.launch does not exist.
	at org.eclipse.debug.internal.core.LaunchManager.createDebugException(LaunchManager.java:886) ~[na:na]
	at org.eclipse.debug.internal.core.LaunchManager.getInfo(LaunchManager.java:1383) ~[na:na]
	at org.eclipse.debug.internal.core.LaunchConfiguration.getInfo(LaunchConfiguration.java:490) ~[na:na]
	at org.eclipse.debug.internal.core.LaunchConfiguration.getType(LaunchConfiguration.java:645) ~[na:na]
	at org.eclipse.m2e.internal.launch.MavenConsoleLineTracker.isMavenProcess(MavenConsoleLineTracker.java:142) ~[na:na]
	at org.eclipse.m2e.internal.launch.MavenConsoleLineTracker.lineAppended(MavenConsoleLineTracker.java:85) ~[na:na]
	at org.eclipse.debug.internal.ui.views.console.ConsoleLineNotifier.lineAppended(ConsoleLineNotifier.java:124) ~[na:na]
	at org.eclipse.debug.internal.ui.views.console.ConsoleLineNotifier.matchFound(ConsoleLineNotifier.java:116) ~[na:na]
	at org.eclipse.ui.internal.console.ConsolePatternMatcher$MatchJob.run(ConsolePatternMatcher.java:137) ~[org.eclipse.ui.console_3.8.500.v20190514-0743.jar:na]
	at org.eclipse.core.internal.jobs.Worker.run(Worker.java:63) ~[org.eclipse.core.jobs_3.10.400.v20190506-1457.jar:na]
2019-09-26 14:18:40,544 [Worker-1: Match Job] ERROR o.e.m.i.l.MavenConsoleLineTracker - Launch configuration EurekaServer - EurekaServerApplication at file:/home/administrator/Documents/workspace-spring-tool-suite-4-4.3.1.RELEASE/Task1/.metadata/.plugins/org.eclipse.debug.core/.launches/EurekaServer%20-%20EurekaServerApplication.launch does not exist.
org.eclipse.debug.core.DebugException: Launch configuration EurekaServer - EurekaServerApplication at file:/home/administrator/Documents/workspace-spring-tool-suite-4-4.3.1.RELEASE/Task1/.metadata/.plugins/org.eclipse.debug.core/.launches/EurekaServer%20-%20EurekaServerApplication.launch does not exist.
	at org.eclipse.debug.internal.core.LaunchManager.createDebugException(LaunchManager.java:886) ~[na:na]
	at org.eclipse.debug.internal.core.LaunchManager.getInfo(LaunchManager.java:1383) ~[na:na]
	at org.eclipse.debug.internal.core.LaunchConfiguration.getInfo(LaunchConfiguration.java:490) ~[na:na]
	at org.eclipse.debug.internal.core.LaunchConfiguration.getType(LaunchConfiguration.java:645) ~[na:na]
	at org.eclipse.m2e.internal.launch.MavenConsoleLineTracker.isMavenProcess(MavenConsoleLineTracker.java:142) ~[na:na]
	at org.eclipse.m2e.internal.launch.MavenConsoleLineTracker.lineAppended(MavenConsoleLineTracker.java:85) ~[na:na]
	at org.eclipse.debug.internal.ui.views.console.ConsoleLineNotifier.lineAppended(ConsoleLineNotifier.java:124) ~[na:na]
	at org.eclipse.debug.internal.ui.views.console.ConsoleLineNotifier.matchFound(ConsoleLineNotifier.java:116) ~[na:na]
	at org.eclipse.ui.internal.console.ConsolePatternMatcher$MatchJob.run(ConsolePatternMatcher.java:137) ~[org.eclipse.ui.console_3.8.500.v20190514-0743.jar:na]
	at org.eclipse.core.internal.jobs.Worker.run(Worker.java:63) ~[org.eclipse.core.jobs_3.10.400.v20190506-1457.jar:na]
2019-09-26 14:18:40,545 [Worker-1: Match Job] ERROR o.e.m.i.l.MavenConsoleLineTracker - Launch configuration EurekaServer - EurekaServerApplication at file:/home/administrator/Documents/workspace-spring-tool-suite-4-4.3.1.RELEASE/Task1/.metadata/.plugins/org.eclipse.debug.core/.launches/EurekaServer%20-%20EurekaServerApplication.launch does not exist.
org.eclipse.debug.core.DebugException: Launch configuration EurekaServer - EurekaServerApplication at file:/home/administrator/Documents/workspace-spring-tool-suite-4-4.3.1.RELEASE/Task1/.metadata/.plugins/org.eclipse.debug.core/.launches/EurekaServer%20-%20EurekaServerApplication.launch does not exist.
	at org.eclipse.debug.internal.core.LaunchManager.createDebugException(LaunchManager.java:886) ~[na:na]
	at org.eclipse.debug.internal.core.LaunchManager.getInfo(LaunchManager.java:1383) ~[na:na]
	at org.eclipse.debug.internal.core.LaunchConfiguration.getInfo(LaunchConfiguration.java:490) ~[na:na]
	at org.eclipse.debug.internal.core.LaunchConfiguration.getType(LaunchConfiguration.java:645) ~[na:na]
	at org.eclipse.m2e.internal.launch.MavenConsoleLineTracker.isMavenProcess(MavenConsoleLineTracker.java:142) ~[na:na]
	at org.eclipse.m2e.internal.launch.MavenConsoleLineTracker.lineAppended(MavenConsoleLineTracker.java:85) ~[na:na]
	at org.eclipse.debug.internal.ui.views.console.ConsoleLineNotifier.lineAppended(ConsoleLineNotifier.java:124) ~[na:na]
	at org.eclipse.debug.internal.ui.views.console.ConsoleLineNotifier.matchFound(ConsoleLineNotifier.java:116) ~[na:na]
	at org.eclipse.ui.internal.console.ConsolePatternMatcher$MatchJob.run(ConsolePatternMatcher.java:137) ~[org.eclipse.ui.console_3.8.500.v20190514-0743.jar:na]
	at org.eclipse.core.internal.jobs.Worker.run(Worker.java:63) ~[org.eclipse.core.jobs_3.10.400.v20190506-1457.jar:na]
2019-09-26 14:18:40,796 [Worker-11: Match Job] ERROR o.e.m.i.l.MavenConsoleLineTracker - Launch configuration EurekaServer - EurekaServerApplication at file:/home/administrator/Documents/workspace-spring-tool-suite-4-4.3.1.RELEASE/Task1/.metadata/.plugins/org.eclipse.debug.core/.launches/EurekaServer%20-%20EurekaServerApplication.launch does not exist.
org.eclipse.debug.core.DebugException: Launch configuration EurekaServer - EurekaServerApplication at file:/home/administrator/Documents/workspace-spring-tool-suite-4-4.3.1.RELEASE/Task1/.metadata/.plugins/org.eclipse.debug.core/.launches/EurekaServer%20-%20EurekaServerApplication.launch does not exist.
	at org.eclipse.debug.internal.core.LaunchManager.createDebugException(LaunchManager.java:886) ~[na:na]
	at org.eclipse.debug.internal.core.LaunchManager.getInfo(LaunchManager.java:1383) ~[na:na]
	at org.eclipse.debug.internal.core.LaunchConfiguration.getInfo(LaunchConfiguration.java:490) ~[na:na]
	at org.eclipse.debug.internal.core.LaunchConfiguration.getType(LaunchConfiguration.java:645) ~[na:na]
	at org.eclipse.m2e.internal.launch.MavenConsoleLineTracker.isMavenProcess(MavenConsoleLineTracker.java:142) ~[na:na]
	at org.eclipse.m2e.internal.launch.MavenConsoleLineTracker.lineAppended(MavenConsoleLineTracker.java:85) ~[na:na]
	at org.eclipse.debug.internal.ui.views.console.ConsoleLineNotifier.lineAppended(ConsoleLineNotifier.java:124) ~[na:na]
	at org.eclipse.debug.internal.ui.views.console.ConsoleLineNotifier.disconnect(ConsoleLineNotifier.java:72) ~[na:na]
	at org.eclipse.ui.internal.console.ConsolePatternMatcher$CompiledPatternMatchListener.dispose(ConsolePatternMatcher.java:198) ~[org.eclipse.ui.console_3.8.500.v20190514-0743.jar:na]
	at org.eclipse.ui.internal.console.ConsolePatternMatcher.disconnect(ConsolePatternMatcher.java:260) ~[org.eclipse.ui.console_3.8.500.v20190514-0743.jar:na]
	at org.eclipse.ui.internal.console.ConsolePatternMatcher$MatchJob.run(ConsolePatternMatcher.java:164) ~[org.eclipse.ui.console_3.8.500.v20190514-0743.jar:na]
	at org.eclipse.core.internal.jobs.Worker.run(Worker.java:63) ~[org.eclipse.core.jobs_3.10.400.v20190506-1457.jar:na]
2019-09-26 14:18:58,804 [Worker-14: Import Getting Started Content] INFO  o.e.m.c.i.l.LifecycleMappingFactory - Using org.eclipse.m2e.jdt.JarLifecycleMapping lifecycle mapping for MavenProject: com.example:EurekaServer:0.0.1-SNAPSHOT @ /home/administrator/Documents/workspace-spring-tool-suite-4-4.3.1.RELEASE/Task1/EurekaServer/pom.xml.
2019-09-26 14:18:59,881 [Worker-14: Import Getting Started Content] INFO  o.e.m.j.i.AbstractJavaProjectConfigurator - Adding source folder /EurekaServer/src/main/java
2019-09-26 14:18:59,882 [Worker-14: Import Getting Started Content] INFO  o.e.m.j.i.AbstractJavaProjectConfigurator - Adding resource folder /EurekaServer/src/main/resources
2019-09-26 14:18:59,884 [Worker-14: Import Getting Started Content] INFO  o.e.m.j.i.AbstractJavaProjectConfigurator - Adding resource folder /EurekaServer/src/main/resources
2019-09-26 14:18:59,894 [Worker-14: Import Getting Started Content] INFO  o.e.m.j.i.AbstractJavaProjectConfigurator - Adding source folder /EurekaServer/src/test/java
2019-09-26 14:19:00,097 [Worker-14: Import Getting Started Content] INFO  o.e.m.c.i.p.ProjectConfigurationManager - Imported and configured 1 project(s) in 1 sec
2019-09-26 14:19:00,098 [Worker-14: Import Getting Started Content] INFO  o.e.m.c.i.p.ProjectConfigurationManager - Update started
2019-09-26 14:19:00,434 [Worker-14: Import Getting Started Content] INFO  o.e.m.c.i.l.LifecycleMappingFactory - Using org.eclipse.m2e.jdt.JarLifecycleMapping lifecycle mapping for MavenProject: com.example:EurekaServer:0.0.1-SNAPSHOT @ /home/administrator/Documents/workspace-spring-tool-suite-4-4.3.1.RELEASE/Task1/EurekaServer/pom.xml.
2019-09-26 14:19:01,139 [Worker-14: Import Getting Started Content] INFO  o.e.m.j.i.AbstractJavaProjectConfigurator - Adding source folder /EurekaServer/src/main/java
2019-09-26 14:19:01,139 [Worker-14: Import Getting Started Content] INFO  o.e.m.j.i.AbstractJavaProjectConfigurator - Adding resource folder /EurekaServer/src/main/resources
2019-09-26 14:19:01,141 [Worker-14: Import Getting Started Content] INFO  o.e.m.j.i.AbstractJavaProjectConfigurator - Adding resource folder /EurekaServer/src/main/resources
2019-09-26 14:19:01,150 [Worker-14: Import Getting Started Content] INFO  o.e.m.j.i.AbstractJavaProjectConfigurator - Adding source folder /EurekaServer/src/test/java
2019-09-26 14:19:01,381 [Worker-14: Import Getting Started Content] INFO  o.e.m.c.i.p.ProjectConfigurationManager - Update completed: 1 sec
2019-09-26 14:19:02,224 [Worker-4: Building workspace] INFO  o.e.m.c.i.embedder.EclipseLogger - Using 'UTF-8' encoding to copy filtered resources.
2019-09-26 14:19:02,225 [Worker-4: Building workspace] INFO  o.e.m.c.i.embedder.EclipseLogger - Copying 1 resource
2019-09-26 14:19:02,232 [Worker-4: Building workspace] INFO  o.e.m.c.i.embedder.EclipseLogger - Copying 0 resource
2019-09-26 14:19:02,236 [Worker-4: Building workspace] INFO  o.e.m.c.i.embedder.EclipseLogger - Using 'UTF-8' encoding to copy filtered resources.
2019-09-26 14:19:02,237 [Worker-4: Building workspace] INFO  o.e.m.c.i.embedder.EclipseLogger - skip non existing resourceDirectory /home/administrator/Documents/workspace-spring-tool-suite-4-4.3.1.RELEASE/Task1/EurekaServer/src/test/resources
2019-09-26 14:19:14,891 [Worker-5: Building workspace] INFO  o.e.m.c.i.embedder.EclipseLogger - Using 'UTF-8' encoding to copy filtered resources.
2019-09-26 14:19:14,893 [Worker-5: Building workspace] INFO  o.e.m.c.i.embedder.EclipseLogger - Copying 1 resource
2019-09-26 14:19:14,946 [Worker-5: Building workspace] INFO  o.e.m.c.i.embedder.EclipseLogger - Copying 0 resource
2019-09-26 14:19:14,948 [Worker-5: Building workspace] INFO  o.e.m.c.i.embedder.EclipseLogger - Using 'UTF-8' encoding to copy filtered resources.
2019-09-26 14:19:14,948 [Worker-5: Building workspace] INFO  o.e.m.c.i.embedder.EclipseLogger - skip non existing resourceDirectory /home/administrator/Documents/workspace-spring-tool-suite-4-4.3.1.RELEASE/Task1/EurekaServer/src/test/resources
2019-09-26 14:19:25,552 [Worker-12: Building workspace] INFO  o.e.m.c.i.embedder.EclipseLogger - Using 'UTF-8' encoding to copy filtered resources.
2019-09-26 14:19:25,552 [Worker-12: Building workspace] INFO  o.e.m.c.i.embedder.EclipseLogger - Copying 1 resource
2019-09-26 14:19:25,557 [Worker-12: Building workspace] INFO  o.e.m.c.i.embedder.EclipseLogger - Copying 0 resource
2019-09-26 14:19:25,591 [Worker-12: Building workspace] INFO  o.e.m.c.i.embedder.EclipseLogger - Using 'UTF-8' encoding to copy filtered resources.
2019-09-26 14:19:25,591 [Worker-12: Building workspace] INFO  o.e.m.c.i.embedder.EclipseLogger - skip non existing resourceDirectory /home/administrator/Documents/workspace-spring-tool-suite-4-4.3.1.RELEASE/Task1/EurekaServer/src/test/resources
2019-09-26 14:19:59,775 [Worker-13: Import Getting Started Content] INFO  o.e.m.c.i.l.LifecycleMappingFactory - Using org.eclipse.m2e.jdt.JarLifecycleMapping lifecycle mapping for MavenProject: com.example:Hello:0.0.1-SNAPSHOT @ /home/administrator/Documents/workspace-spring-tool-suite-4-4.3.1.RELEASE/Task1/Hello/pom.xml.
2019-09-26 14:20:00,257 [Worker-13: Import Getting Started Content] INFO  o.e.m.j.i.AbstractJavaProjectConfigurator - Adding source folder /Hello/src/main/java
2019-09-26 14:20:00,257 [Worker-13: Import Getting Started Content] INFO  o.e.m.j.i.AbstractJavaProjectConfigurator - Adding resource folder /Hello/src/main/resources
2019-09-26 14:20:00,260 [Worker-13: Import Getting Started Content] INFO  o.e.m.j.i.AbstractJavaProjectConfigurator - Adding resource folder /Hello/src/main/resources
2019-09-26 14:20:00,264 [Worker-13: Import Getting Started Content] INFO  o.e.m.j.i.AbstractJavaProjectConfigurator - Adding source folder /Hello/src/test/java
2019-09-26 14:20:00,396 [Worker-13: Import Getting Started Content] INFO  o.e.m.c.i.p.ProjectConfigurationManager - Imported and configured 1 project(s) in 0 sec
2019-09-26 14:20:00,396 [Worker-13: Import Getting Started Content] INFO  o.e.m.c.i.p.ProjectConfigurationManager - Update started
2019-09-26 14:20:00,532 [Worker-13: Import Getting Started Content] INFO  o.e.m.c.i.l.LifecycleMappingFactory - Using org.eclipse.m2e.jdt.JarLifecycleMapping lifecycle mapping for MavenProject: com.example:Hello:0.0.1-SNAPSHOT @ /home/administrator/Documents/workspace-spring-tool-suite-4-4.3.1.RELEASE/Task1/Hello/pom.xml.
2019-09-26 14:20:01,000 [Worker-13: Import Getting Started Content] INFO  o.e.m.j.i.AbstractJavaProjectConfigurator - Adding source folder /Hello/src/main/java
2019-09-26 14:20:01,000 [Worker-13: Import Getting Started Content] INFO  o.e.m.j.i.AbstractJavaProjectConfigurator - Adding resource folder /Hello/src/main/resources
2019-09-26 14:20:01,001 [Worker-13: Import Getting Started Content] INFO  o.e.m.j.i.AbstractJavaProjectConfigurator - Adding resource folder /Hello/src/main/resources
2019-09-26 14:20:01,004 [Worker-13: Import Getting Started Content] INFO  o.e.m.j.i.AbstractJavaProjectConfigurator - Adding source folder /Hello/src/test/java
2019-09-26 14:20:01,094 [Worker-13: Import Getting Started Content] INFO  o.e.m.c.i.p.ProjectConfigurationManager - Update completed: 0 sec
2019-09-26 14:20:01,779 [Worker-12: Building workspace] INFO  o.e.m.c.i.embedder.EclipseLogger - Using 'UTF-8' encoding to copy filtered resources.
2019-09-26 14:20:01,780 [Worker-12: Building workspace] INFO  o.e.m.c.i.embedder.EclipseLogger - Copying 1 resource
2019-09-26 14:20:01,780 [Worker-12: Building workspace] INFO  o.e.m.c.i.embedder.EclipseLogger - Copying 0 resource
2019-09-26 14:20:01,783 [Worker-12: Building workspace] INFO  o.e.m.c.i.embedder.EclipseLogger - Using 'UTF-8' encoding to copy filtered resources.
2019-09-26 14:20:01,783 [Worker-12: Building workspace] INFO  o.e.m.c.i.embedder.EclipseLogger - skip non existing resourceDirectory /home/administrator/Documents/workspace-spring-tool-suite-4-4.3.1.RELEASE/Task1/Hello/src/test/resources
2019-09-26 14:20:38,790 [Worker-10: Building workspace] INFO  o.e.m.c.i.embedder.EclipseLogger - Using 'UTF-8' encoding to copy filtered resources.
2019-09-26 14:20:38,790 [Worker-10: Building workspace] INFO  o.e.m.c.i.embedder.EclipseLogger - Copying 1 resource
2019-09-26 14:20:38,791 [Worker-10: Building workspace] INFO  o.e.m.c.i.embedder.EclipseLogger - Copying 0 resource
2019-09-26 14:20:38,792 [Worker-10: Building workspace] INFO  o.e.m.c.i.embedder.EclipseLogger - Using 'UTF-8' encoding to copy filtered resources.
2019-09-26 14:20:38,792 [Worker-10: Building workspace] INFO  o.e.m.c.i.embedder.EclipseLogger - skip non existing resourceDirectory /home/administrator/Documents/workspace-spring-tool-suite-4-4.3.1.RELEASE/Task1/Hello/src/test/resources
2019-09-26 14:21:18,706 [Worker-13: Match Job] ERROR o.e.m.i.l.MavenConsoleLineTracker - Launch configuration EurekaServer - EurekaServerApplication at file:/home/administrator/Documents/workspace-spring-tool-suite-4-4.3.1.RELEASE/Task1/.metadata/.plugins/org.eclipse.debug.core/.launches/EurekaServer%20-%20EurekaServerApplication.launch does not exist.
org.eclipse.debug.core.DebugException: Launch configuration EurekaServer - EurekaServerApplication at file:/home/administrator/Documents/workspace-spring-tool-suite-4-4.3.1.RELEASE/Task1/.metadata/.plugins/org.eclipse.debug.core/.launches/EurekaServer%20-%20EurekaServerApplication.launch does not exist.
	at org.eclipse.debug.internal.core.LaunchManager.createDebugException(LaunchManager.java:886) ~[na:na]
	at org.eclipse.debug.internal.core.LaunchManager.getInfo(LaunchManager.java:1383) ~[na:na]
	at org.eclipse.debug.internal.core.LaunchConfiguration.getInfo(LaunchConfiguration.java:490) ~[na:na]
	at org.eclipse.debug.internal.core.LaunchConfiguration.getType(LaunchConfiguration.java:645) ~[na:na]
	at org.eclipse.m2e.internal.launch.MavenConsoleLineTracker.isMavenProcess(MavenConsoleLineTracker.java:142) ~[na:na]
	at org.eclipse.m2e.internal.launch.MavenConsoleLineTracker.lineAppended(MavenConsoleLineTracker.java:85) ~[na:na]
	at org.eclipse.debug.internal.ui.views.console.ConsoleLineNotifier.lineAppended(ConsoleLineNotifier.java:124) ~[na:na]
	at org.eclipse.debug.internal.ui.views.console.ConsoleLineNotifier.matchFound(ConsoleLineNotifier.java:116) ~[na:na]
	at org.eclipse.ui.internal.console.ConsolePatternMatcher$MatchJob.run(ConsolePatternMatcher.java:137) ~[org.eclipse.ui.console_3.8.500.v20190514-0743.jar:na]
	at org.eclipse.core.internal.jobs.Worker.run(Worker.java:63) ~[org.eclipse.core.jobs_3.10.400.v20190506-1457.jar:na]
2019-09-26 14:21:18,707 [Worker-13: Match Job] ERROR o.e.m.i.l.MavenConsoleLineTracker - Launch configuration EurekaServer - EurekaServerApplication at file:/home/administrator/Documents/workspace-spring-tool-suite-4-4.3.1.RELEASE/Task1/.metadata/.plugins/org.eclipse.debug.core/.launches/EurekaServer%20-%20EurekaServerApplication.launch does not exist.
org.eclipse.debug.core.DebugException: Launch configuration EurekaServer - EurekaServerApplication at file:/home/administrator/Documents/workspace-spring-tool-suite-4-4.3.1.RELEASE/Task1/.metadata/.plugins/org.eclipse.debug.core/.launches/EurekaServer%20-%20EurekaServerApplication.launch does not exist.
	at org.eclipse.debug.internal.core.LaunchManager.createDebugException(LaunchManager.java:886) ~[na:na]
	at org.eclipse.debug.internal.core.LaunchManager.getInfo(LaunchManager.java:1383) ~[na:na]
	at org.eclipse.debug.internal.core.LaunchConfiguration.getInfo(LaunchConfiguration.java:490) ~[na:na]
	at org.eclipse.debug.internal.core.LaunchConfiguration.getType(LaunchConfiguration.java:645) ~[na:na]
	at org.eclipse.m2e.internal.launch.MavenConsoleLineTracker.isMavenProcess(MavenConsoleLineTracker.java:142) ~[na:na]
	at org.eclipse.m2e.internal.launch.MavenConsoleLineTracker.lineAppended(MavenConsoleLineTracker.java:85) ~[na:na]
	at org.eclipse.debug.internal.ui.views.console.ConsoleLineNotifier.lineAppended(ConsoleLineNotifier.java:124) ~[na:na]
	at org.eclipse.debug.internal.ui.views.console.ConsoleLineNotifier.matchFound(ConsoleLineNotifier.java:116) ~[na:na]
	at org.eclipse.ui.internal.console.ConsolePatternMatcher$MatchJob.run(ConsolePatternMatcher.java:137) ~[org.eclipse.ui.console_3.8.500.v20190514-0743.jar:na]
	at org.eclipse.core.internal.jobs.Worker.run(Worker.java:63) ~[org.eclipse.core.jobs_3.10.400.v20190506-1457.jar:na]
2019-09-26 14:21:18,707 [Worker-13: Match Job] ERROR o.e.m.i.l.MavenConsoleLineTracker - Launch configuration EurekaServer - EurekaServerApplication at file:/home/administrator/Documents/workspace-spring-tool-suite-4-4.3.1.RELEASE/Task1/.metadata/.plugins/org.eclipse.debug.core/.launches/EurekaServer%20-%20EurekaServerApplication.launch does not exist.
org.eclipse.debug.core.DebugException: Launch configuration EurekaServer - EurekaServerApplication at file:/home/administrator/Documents/workspace-spring-tool-suite-4-4.3.1.RELEASE/Task1/.metadata/.plugins/org.eclipse.debug.core/.launches/EurekaServer%20-%20EurekaServerApplication.launch does not exist.
	at org.eclipse.debug.internal.core.LaunchManager.createDebugException(LaunchManager.java:886) ~[na:na]
	at org.eclipse.debug.internal.core.LaunchManager.getInfo(LaunchManager.java:1383) ~[na:na]
	at org.eclipse.debug.internal.core.LaunchConfiguration.getInfo(LaunchConfiguration.java:490) ~[na:na]
	at org.eclipse.debug.internal.core.LaunchConfiguration.getType(LaunchConfiguration.java:645) ~[na:na]
	at org.eclipse.m2e.internal.launch.MavenConsoleLineTracker.isMavenProcess(MavenConsoleLineTracker.java:142) ~[na:na]
	at org.eclipse.m2e.internal.launch.MavenConsoleLineTracker.lineAppended(MavenConsoleLineTracker.java:85) ~[na:na]
	at org.eclipse.debug.internal.ui.views.console.ConsoleLineNotifier.lineAppended(ConsoleLineNotifier.java:124) ~[na:na]
	at org.eclipse.debug.internal.ui.views.console.ConsoleLineNotifier.matchFound(ConsoleLineNotifier.java:116) ~[na:na]
	at org.eclipse.ui.internal.console.ConsolePatternMatcher$MatchJob.run(ConsolePatternMatcher.java:137) ~[org.eclipse.ui.console_3.8.500.v20190514-0743.jar:na]
	at org.eclipse.core.internal.jobs.Worker.run(Worker.java:63) ~[org.eclipse.core.jobs_3.10.400.v20190506-1457.jar:na]
2019-09-26 14:21:18,708 [Worker-13: Match Job] ERROR o.e.m.i.l.MavenConsoleLineTracker - Launch configuration EurekaServer - EurekaServerApplication at file:/home/administrator/Documents/workspace-spring-tool-suite-4-4.3.1.RELEASE/Task1/.metadata/.plugins/org.eclipse.debug.core/.launches/EurekaServer%20-%20EurekaServerApplication.launch does not exist.
org.eclipse.debug.core.DebugException: Launch configuration EurekaServer - EurekaServerApplication at file:/home/administrator/Documents/workspace-spring-tool-suite-4-4.3.1.RELEASE/Task1/.metadata/.plugins/org.eclipse.debug.core/.launches/EurekaServer%20-%20EurekaServerApplication.launch does not exist.
	at org.eclipse.debug.internal.core.LaunchManager.createDebugException(LaunchManager.java:886) ~[na:na]
	at org.eclipse.debug.internal.core.LaunchManager.getInfo(LaunchManager.java:1383) ~[na:na]
	at org.eclipse.debug.internal.core.LaunchConfiguration.getInfo(LaunchConfiguration.java:490) ~[na:na]
	at org.eclipse.debug.internal.core.LaunchConfiguration.getType(LaunchConfiguration.java:645) ~[na:na]
	at org.eclipse.m2e.internal.launch.MavenConsoleLineTracker.isMavenProcess(MavenConsoleLineTracker.java:142) ~[na:na]
	at org.eclipse.m2e.internal.launch.MavenConsoleLineTracker.lineAppended(MavenConsoleLineTracker.java:85) ~[na:na]
	at org.eclipse.debug.internal.ui.views.console.ConsoleLineNotifier.lineAppended(ConsoleLineNotifier.java:124) ~[na:na]
	at org.eclipse.debug.internal.ui.views.console.ConsoleLineNotifier.matchFound(ConsoleLineNotifier.java:116) ~[na:na]
	at org.eclipse.ui.internal.console.ConsolePatternMatcher$MatchJob.run(ConsolePatternMatcher.java:137) ~[org.eclipse.ui.console_3.8.500.v20190514-0743.jar:na]
	at org.eclipse.core.internal.jobs.Worker.run(Worker.java:63) ~[org.eclipse.core.jobs_3.10.400.v20190506-1457.jar:na]
2019-09-26 14:21:18,928 [Worker-1: Match Job] ERROR o.e.m.i.l.MavenConsoleLineTracker - Launch configuration EurekaServer - EurekaServerApplication at file:/home/administrator/Documents/workspace-spring-tool-suite-4-4.3.1.RELEASE/Task1/.metadata/.plugins/org.eclipse.debug.core/.launches/EurekaServer%20-%20EurekaServerApplication.launch does not exist.
org.eclipse.debug.core.DebugException: Launch configuration EurekaServer - EurekaServerApplication at file:/home/administrator/Documents/workspace-spring-tool-suite-4-4.3.1.RELEASE/Task1/.metadata/.plugins/org.eclipse.debug.core/.launches/EurekaServer%20-%20EurekaServerApplication.launch does not exist.
	at org.eclipse.debug.internal.core.LaunchManager.createDebugException(LaunchManager.java:886) ~[na:na]
	at org.eclipse.debug.internal.core.LaunchManager.getInfo(LaunchManager.java:1383) ~[na:na]
	at org.eclipse.debug.internal.core.LaunchConfiguration.getInfo(LaunchConfiguration.java:490) ~[na:na]
	at org.eclipse.debug.internal.core.LaunchConfiguration.getType(LaunchConfiguration.java:645) ~[na:na]
	at org.eclipse.m2e.internal.launch.MavenConsoleLineTracker.isMavenProcess(MavenConsoleLineTracker.java:142) ~[na:na]
	at org.eclipse.m2e.internal.launch.MavenConsoleLineTracker.lineAppended(MavenConsoleLineTracker.java:85) ~[na:na]
	at org.eclipse.debug.internal.ui.views.console.ConsoleLineNotifier.lineAppended(ConsoleLineNotifier.java:124) ~[na:na]
	at org.eclipse.debug.internal.ui.views.console.ConsoleLineNotifier.disconnect(ConsoleLineNotifier.java:72) ~[na:na]
	at org.eclipse.ui.internal.console.ConsolePatternMatcher$CompiledPatternMatchListener.dispose(ConsolePatternMatcher.java:198) ~[org.eclipse.ui.console_3.8.500.v20190514-0743.jar:na]
	at org.eclipse.ui.internal.console.ConsolePatternMatcher.disconnect(ConsolePatternMatcher.java:260) ~[org.eclipse.ui.console_3.8.500.v20190514-0743.jar:na]
	at org.eclipse.ui.internal.console.ConsolePatternMatcher$MatchJob.run(ConsolePatternMatcher.java:164) ~[org.eclipse.ui.console_3.8.500.v20190514-0743.jar:na]
	at org.eclipse.core.internal.jobs.Worker.run(Worker.java:63) ~[org.eclipse.core.jobs_3.10.400.v20190506-1457.jar:na]
2019-09-26 15:09:30,886 [Worker-2: Loading available Gradle versions] INFO  o.e.b.c.i.u.g.PublishedGradleVersions - Gradle version information cache is up-to-date. Trying to read.
2019-09-30 14:24:46,107 [Worker-2: Loading available Gradle versions] INFO  o.e.b.c.i.u.g.PublishedGradleVersions - Gradle version information cache is up-to-date. Trying to read.
